[debug] [2021-02-11T12:10:12.861Z] ----------------------------------------------------------------------
[debug] [2021-02-11T12:10:12.863Z] Command:       C:\Program Files\nodejs\node.exe C:\Users\Hp\AppData\Roaming\npm\node_modules\firebase-tools\lib\bin\firebase.js init
[debug] [2021-02-11T12:10:12.863Z] CLI Version:   9.3.0
[debug] [2021-02-11T12:10:12.864Z] Platform:      win32
[debug] [2021-02-11T12:10:12.864Z] Node Version:  v12.16.2
[debug] [2021-02-11T12:10:12.865Z] Time:          Thu Feb 11 2021 17:10:12 GMT+0500 (Pakistan Standard Time)
[debug] [2021-02-11T12:10:12.865Z] ----------------------------------------------------------------------
[debug] [2021-02-11T12:10:12.865Z] 
[debug] [2021-02-11T12:10:12.868Z] >>> [apiv2][query] GET https://firebase-public.firebaseio.com/cli.json [none]
[debug] [2021-02-11T12:10:12.894Z] > command requires scopes: ["email","openid","https://www.googleapis.com/auth/cloudplatformprojects.readonly","https://www.googleapis.com/auth/firebase","https://www.googleapis.com/auth/cloud-platform"]
[debug] [2021-02-11T12:10:12.895Z] > authorizing via signed-in user
[info] 
     ######## #### ########  ######## ########     ###     ######  ########
     ##        ##  ##     ## ##       ##     ##  ##   ##  ##       ##
     ######    ##  ########  ######   ########  #########  ######  ######
     ##        ##  ##    ##  ##       ##     ## ##     ##       ## ##
     ##       #### ##     ## ######## ########  ##     ##  ######  ########

You're about to initialize a Firebase project in this directory:

  C:\Users\Hp\Desktop\simple-calculator

[debug] [2021-02-11T12:10:16.134Z] <<< [apiv2][status] GET https://firebase-public.firebaseio.com/cli.json 200
[debug] [2021-02-11T12:10:16.135Z] <<< [apiv2][body] GET https://firebase-public.firebaseio.com/cli.json {"cloudBuildErrorAfter":1594252800000,"cloudBuildWarnAfter":1590019200000,"defaultNode10After":1594252800000,"minVersion":"3.0.5","node8DeploysDisabledAfter":1613390400000,"node8RuntimeDisabledAfter":1615809600000,"node8WarnAfter":1600128000000}
[info] 
=== Project Setup
[info] 
[info] First, let's associate this project directory with a Firebase project.
[info] You can create multiple project aliases by running firebase use --add, 
[info] but for now we'll just set up a default project.
[info] 
[debug] [2021-02-11T12:10:49.070Z] > refreshing access token with scopes: []
[debug] [2021-02-11T12:10:49.070Z] >>> HTTP REQUEST POST https://www.googleapis.com/oauth2/v3/token  
 <request body omitted>
[debug] [2021-02-11T12:10:50.071Z] <<< HTTP RESPONSE 200 {"date":"Thu, 11 Feb 2021 12:10:49 GMT","cache-control":"no-cache, no-store, max-age=0, must-revalidate","expires":"Mon, 01 Jan 1990 00:00:00 GMT","pragma":"no-cache","content-type":"application/json; charset=utf-8","vary":"X-Origin, Referer, Origin,Accept-Encoding","server":"scaffolding on HTTPServer2","x-xss-protection":"0","x-frame-options":"SAMEORIGIN","x-content-type-options":"nosniff","alt-svc":"h3-29=\":443\"; ma=2592000,h3-T051=\":443\"; ma=2592000,h3-Q050=\":443\"; ma=2592000,h3-Q046=\":443\"; ma=2592000,h3-Q043=\":443\"; ma=2592000,quic=\":443\"; ma=2592000; v=\"46,43\"","accept-ranges":"none","transfer-encoding":"chunked"}
[debug] [2021-02-11T12:10:50.226Z] >>> [apiv2][query] GET https://firebase.googleapis.com/v1beta1/projects pageSize=100
[debug] [2021-02-11T12:10:51.410Z] <<< [apiv2][status] GET https://firebase.googleapis.com/v1beta1/projects 200
[debug] [2021-02-11T12:10:51.411Z] <<< [apiv2][body] GET https://firebase.googleapis.com/v1beta1/projects [omitted]
[info] i  Using project simplecalculator-wm11988 (simplecalculator-wm11988) 
[info] 
=== Hosting Setup
[info] 
[info] Your public directory is the folder (relative to your project directory) that
[info] will contain Hosting assets to be uploaded with firebase deploy. If you
[info] have a build process for your assets, use your build's output directory.
[info] 
[debug] [2021-02-11T12:13:00.329Z] >>> [apiv2][query] GET https://www.gstatic.com/firebasejs/releases.json [none]
[debug] [2021-02-11T12:13:01.146Z] <<< [apiv2][status] GET https://www.gstatic.com/firebasejs/releases.json 200
[debug] [2021-02-11T12:13:01.146Z] <<< [apiv2][body] GET https://www.gstatic.com/firebasejs/releases.json {"current":{"version":"8.2.6","browserURL":"https://www.gstatic.com/firebasejs/8.2.6/firebase.js","packageURL":"https://www.gstatic.com/firebasejs/8.2.6/firebase.tgz"},"live":{"version":"8.2","browserURL":"https://www.gstatic.com/firebasejs/live/8.2/firebase.js","packageURL":"https://www.gstatic.com/firebasejs/live/8.2/firebase.tgz"},"components":{"analytics":"https://www.gstatic.com/firebasejs/8.2.6/firebase-analytics.js","app":"https://www.gstatic.com/firebasejs/8.2.6/firebase-app.js","auth":"https://www.gstatic.com/firebasejs/8.2.6/firebase-auth.js","database":"https://www.gstatic.com/firebasejs/8.2.6/firebase-database.js","firestore":"https://www.gstatic.com/firebasejs/8.2.6/firebase-firestore.js","functions":"https://www.gstatic.com/firebasejs/8.2.6/firebase-functions.js","installations":"https://www.gstatic.com/firebasejs/8.2.6/firebase-installations.js","messaging":"https://www.gstatic.com/firebasejs/8.2.6/firebase-messaging.js","storage":"https://www.gstatic.com/firebasejs/8.2.6/firebase-storage.js","performance":"https://www.gstatic.com/firebasejs/8.2.6/firebase-performance.js","remote-config":"https://www.gstatic.com/firebasejs/8.2.6/firebase-remote-config.js","firestore.memory":"https://www.gstatic.com/firebasejs/8.2.6/firebase-firestore.memory.js"}}
[info] +  Wrote /index.html 
[info] 
[info] i  Didn't detect a .git folder. Assuming C:\Users\Hp\Desktop\simple-calculator is the project root. 
[info] i  Authorizing with GitHub to upload your service account to a GitHub repository's secrets store. 
[info] 
[info] Visit this URL on this device to log in:
[info] https://github.com/login/oauth/authorize?client_id=89cf50f02ac6aaed3484&state=379795779&redirect_uri=http%3A%2F%2Flocalhost%3A9005&scope=read%3Auser%20repo%20public_repo
[info] 
[info] Waiting for authentication...
[debug] [2021-02-11T12:14:38.370Z] >>> HTTP REQUEST POST https://github.com/login/oauth/access_token  
 {"client_id":"89cf50f02ac6aaed3484","client_secret":"3330d14abc895d9a74d5f17cd7a00711fa2c5bf0","code":"73e09e7ba749013cfcd3","redirect_uri":"http://localhost:9005","state":"379795779"}
[debug] [2021-02-11T12:14:38.934Z] <<< HTTP RESPONSE 200 {"date":"Thu, 11 Feb 2021 12:14:38 GMT","content-type":"application/json; charset=utf-8","transfer-encoding":"chunked","server":"GitHub.com","vary":"X-PJAX, Accept-Encoding, Accept, X-Requested-With, Accept-Encoding","etag":"W/\"3dddcdb9359669d5d59c2aa5e3821add\"","cache-control":"max-age=0, private, must-revalidate","strict-transport-security":"max-age=31536000; includeSubdomains; preload","x-frame-options":"deny","x-content-type-options":"nosniff","x-xss-protection":"1; mode=block","referrer-policy":"origin-when-cross-origin, strict-origin-when-cross-origin","expect-ct":"max-age=2592000, report-uri=\"https://api.github.com/_private/browser/errors\"","content-security-policy":"default-src 'none'; base-uri 'self'; block-all-mixed-content; connect-src 'self' uploads.github.com www.githubstatus.com collector.githubapp.com api.github.com github-cloud.s3.amazonaws.com github-production-repository-file-5c1aeb.s3.amazonaws.com github-production-upload-manifest-file-7fdce7.s3.amazonaws.com github-production-user-asset-6210df.s3.amazonaws.com cdn.optimizely.com logx.optimizely.com/v1/events wss://alive.github.com; font-src github.githubassets.com; form-action 'self' github.com gist.github.com; frame-ancestors 'none'; frame-src render.githubusercontent.com; img-src 'self' data: github.githubassets.com identicons.github.com collector.githubapp.com github-cloud.s3.amazonaws.com user-images.githubusercontent.com/ *.githubusercontent.com; manifest-src 'self'; media-src 'none'; script-src github.githubassets.com; style-src 'unsafe-inline' github.githubassets.com; worker-src github.com/socket-worker-5029ae85.js gist.github.com/socket-worker-5029ae85.js","x-github-request-id":"63B9:7E6E:B6A7EE:C96FDE:60251FAE"}
[debug] [2021-02-11T12:14:38.936Z] >>> [apiv2][query] GET https://api.github.com/user [none]
[debug] [2021-02-11T12:14:40.368Z] <<< [apiv2][status] GET https://api.github.com/user 200
[debug] [2021-02-11T12:14:40.368Z] <<< [apiv2][body] GET https://api.github.com/user {"login":"usamashaikh1999","id":64985977,"node_id":"MDQ6VXNlcjY0OTg1OTc3","avatar_url":"https://avatars.githubusercontent.com/u/64985977?v=4","gravatar_id":"","url":"https://api.github.com/users/usamashaikh1999","html_url":"https://github.com/usamashaikh1999","followers_url":"https://api.github.com/users/usamashaikh1999/followers","following_url":"https://api.github.com/users/usamashaikh1999/following{/other_user}","gists_url":"https://api.github.com/users/usamashaikh1999/gists{/gist_id}","starred_url":"https://api.github.com/users/usamashaikh1999/starred{/owner}{/repo}","subscriptions_url":"https://api.github.com/users/usamashaikh1999/subscriptions","organizations_url":"https://api.github.com/users/usamashaikh1999/orgs","repos_url":"https://api.github.com/users/usamashaikh1999/repos","events_url":"https://api.github.com/users/usamashaikh1999/events{/privacy}","received_events_url":"https://api.github.com/users/usamashaikh1999/received_events","type":"User","site_admin":false,"name":null,"company":null,"blog":"","location":null,"email":null,"hireable":null,"bio":null,"twitter_username":null,"public_repos":3,"public_gists":0,"followers":0,"following":1,"created_at":"2020-05-07T19:42:13Z","updated_at":"2021-02-11T12:14:37Z","private_gists":0,"total_private_repos":0,"owned_private_repos":0,"disk_usage":11958,"collaborators":0,"two_factor_authentication":false,"plan":{"name":"pro","space":976562499,"collaborators":0,"private_repos":9999}}
[info] 
[info] +  Success! Logged into GitHub as usamashaikh1999 
[info] 
[debug] [2021-02-11T12:18:28.185Z] >>> [apiv2][query] GET https://api.github.com/repos/usamashaikh1999/javascript calculator/actions/secrets/public-key type=owner
[debug] [2021-02-11T12:18:29.638Z] <<< [apiv2][status] GET https://api.github.com/repos/usamashaikh1999/javascript calculator/actions/secrets/public-key 404
[debug] [2021-02-11T12:18:29.639Z] <<< [apiv2][body] GET https://api.github.com/repos/usamashaikh1999/javascript calculator/actions/secrets/public-key {"message":"Not Found","documentation_url":"https://docs.github.com/rest/reference/actions#get-a-repository-public-key"}
